<?xml version="1.0" encoding="UTF-8"?>
<coverage generated="1772769608044" clover="3.2.0">
  <project timestamp="1772769608044" name="All files">
    <metrics statements="27" coveredstatements="27" conditionals="11" coveredconditionals="11" methods="15" coveredmethods="15" elements="53" coveredelements="53" complexity="0" loc="27" ncloc="27" packages="1" files="1" classes="1"/>
    <file name="cart.js" path="/Users/nickadair/Downloads/files/cart.js">
      <metrics statements="27" coveredstatements="27" conditionals="11" coveredconditionals="11" methods="15" coveredmethods="15"/>
      <line num="7" count="25" type="stmt"/>
      <line num="8" count="25" type="stmt"/>
      <line num="16" count="23" type="cond" truecount="4" falsecount="0"/>
      <line num="17" count="2" type="stmt"/>
      <line num="20" count="21" type="stmt"/>
      <line num="21" count="21" type="cond" truecount="2" falsecount="0"/>
      <line num="22" count="1" type="stmt"/>
      <line num="24" count="20" type="stmt"/>
      <line num="32" count="4" type="stmt"/>
      <line num="40" count="4" type="stmt"/>
      <line num="41" count="4" type="cond" truecount="2" falsecount="0"/>
      <line num="42" count="1" type="stmt"/>
      <line num="44" count="3" type="cond" truecount="2" falsecount="0"/>
      <line num="45" count="2" type="stmt"/>
      <line num="47" count="1" type="stmt"/>
      <line num="56" count="5" type="stmt"/>
      <line num="64" count="6" type="stmt"/>
      <line num="65" count="6" type="stmt"/>
      <line num="73" count="3" type="stmt"/>
      <line num="74" count="3" type="stmt"/>
      <line num="75" count="3" type="stmt"/>
      <line num="82" count="2" type="stmt"/>
      <line num="90" count="2" type="stmt"/>
      <line num="97" count="6" type="stmt"/>
      <line num="104" count="1" type="stmt"/>
      <line num="105" count="1" type="stmt"/>
      <line num="109" count="1" type="stmt"/>
    </file>
  </project>
</coverage>
