{"/Users/nickadair/Downloads/files/cart.js": {"path":"/Users/nickadair/Downloads/files/cart.js","statementMap":{"0":{"start":{"line":7,"column":4},"end":{"line":7,"column":20}},"1":{"start":{"line":8,"column":4},"end":{"line":8,"column":29}},"2":{"start":{"line":16,"column":4},"end":{"line":18,"column":5}},"3":{"start":{"line":17,"column":6},"end":{"line":17,"column":87}},"4":{"start":{"line":20,"column":21},"end":{"line":20,"column":58}},"5":{"start":{"line":20,"column":42},"end":{"line":20,"column":57}},"6":{"start":{"line":21,"column":4},"end":{"line":25,"column":5}},"7":{"start":{"line":22,"column":6},"end":{"line":22,"column":36}},"8":{"start":{"line":24,"column":6},"end":{"line":24,"column":49}},"9":{"start":{"line":32,"column":4},"end":{"line":32,"column":57}},"10":{"start":{"line":32,"column":40},"end":{"line":32,"column":55}},"11":{"start":{"line":40,"column":17},"end":{"line":40,"column":54}},"12":{"start":{"line":40,"column":38},"end":{"line":40,"column":53}},"13":{"start":{"line":41,"column":4},"end":{"line":43,"column":5}},"14":{"start":{"line":42,"column":6},"end":{"line":42,"column":58}},"15":{"start":{"line":44,"column":4},"end":{"line":48,"column":5}},"16":{"start":{"line":45,"column":6},"end":{"line":45,"column":28}},"17":{"start":{"line":47,"column":6},"end":{"line":47,"column":31}},"18":{"start":{"line":56,"column":4},"end":{"line":56,"column":35}},"19":{"start":{"line":64,"column":4},"end":{"line":66,"column":10}},"20":{"start":{"line":65,"column":6},"end":{"line":65,"column":48}},"21":{"start":{"line":73,"column":21},"end":{"line":73,"column":39}},"22":{"start":{"line":74,"column":21},"end":{"line":74,"column":60}},"23":{"start":{"line":75,"column":4},"end":{"line":75,"column":31}},"24":{"start":{"line":82,"column":4},"end":{"line":82,"column":29}},"25":{"start":{"line":90,"column":4},"end":{"line":90,"column":29}},"26":{"start":{"line":97,"column":4},"end":{"line":97,"column":35}},"27":{"start":{"line":104,"column":4},"end":{"line":104,"column":20}},"28":{"start":{"line":105,"column":4},"end":{"line":105,"column":29}},"29":{"start":{"line":109,"column":0},"end":{"line":109,"column":30}}},"fnMap":{"0":{"name":"(anonymous_0)","decl":{"start":{"line":6,"column":2},"end":{"line":6,"column":3}},"loc":{"start":{"line":6,"column":16},"end":{"line":9,"column":3}},"line":6},"1":{"name":"(anonymous_1)","decl":{"start":{"line":15,"column":2},"end":{"line":15,"column":3}},"loc":{"start":{"line":15,"column":37},"end":{"line":26,"column":3}},"line":15},"2":{"name":"(anonymous_2)","decl":{"start":{"line":20,"column":37},"end":{"line":20,"column":38}},"loc":{"start":{"line":20,"column":42},"end":{"line":20,"column":57}},"line":20},"3":{"name":"(anonymous_3)","decl":{"start":{"line":31,"column":2},"end":{"line":31,"column":3}},"loc":{"start":{"line":31,"column":19},"end":{"line":33,"column":3}},"line":31},"4":{"name":"(anonymous_4)","decl":{"start":{"line":32,"column":35},"end":{"line":32,"column":36}},"loc":{"start":{"line":32,"column":40},"end":{"line":32,"column":55}},"line":32},"5":{"name":"(anonymous_5)","decl":{"start":{"line":39,"column":2},"end":{"line":39,"column":3}},"loc":{"start":{"line":39,"column":33},"end":{"line":49,"column":3}},"line":39},"6":{"name":"(anonymous_6)","decl":{"start":{"line":40,"column":33},"end":{"line":40,"column":34}},"loc":{"start":{"line":40,"column":38},"end":{"line":40,"column":53}},"line":40},"7":{"name":"(anonymous_7)","decl":{"start":{"line":55,"column":2},"end":{"line":55,"column":3}},"loc":{"start":{"line":55,"column":25},"end":{"line":57,"column":3}},"line":55},"8":{"name":"(anonymous_8)","decl":{"start":{"line":63,"column":2},"end":{"line":63,"column":3}},"loc":{"start":{"line":63,"column":16},"end":{"line":67,"column":3}},"line":63},"9":{"name":"(anonymous_9)","decl":{"start":{"line":64,"column":29},"end":{"line":64,"column":30}},"loc":{"start":{"line":64,"column":44},"end":{"line":66,"column":5}},"line":64},"10":{"name":"(anonymous_10)","decl":{"start":{"line":72,"column":2},"end":{"line":72,"column":3}},"loc":{"start":{"line":72,"column":13},"end":{"line":76,"column":3}},"line":72},"11":{"name":"(anonymous_11)","decl":{"start":{"line":81,"column":2},"end":{"line":81,"column":3}},"loc":{"start":{"line":81,"column":17},"end":{"line":83,"column":3}},"line":81},"12":{"name":"(anonymous_12)","decl":{"start":{"line":89,"column":2},"end":{"line":89,"column":3}},"loc":{"start":{"line":89,"column":18},"end":{"line":91,"column":3}},"line":89},"13":{"name":"(anonymous_13)","decl":{"start":{"line":96,"column":2},"end":{"line":96,"column":3}},"loc":{"start":{"line":96,"column":12},"end":{"line":98,"column":3}},"line":96},"14":{"name":"(anonymous_14)","decl":{"start":{"line":103,"column":2},"end":{"line":103,"column":3}},"loc":{"start":{"line":103,"column":10},"end":{"line":106,"column":3}},"line":103}},"branchMap":{"0":{"loc":{"start":{"line":15,"column":23},"end":{"line":15,"column":35}},"type":"default-arg","locations":[{"start":{"line":15,"column":34},"end":{"line":15,"column":35}}],"line":15},"1":{"loc":{"start":{"line":16,"column":4},"end":{"line":18,"column":5}},"type":"if","locations":[{"start":{"line":16,"column":4},"end":{"line":18,"column":5}},{"start":{},"end":{}}],"line":16},"2":{"loc":{"start":{"line":16,"column":8},"end":{"line":16,"column":26}},"type":"binary-expr","locations":[{"start":{"line":16,"column":8},"end":{"line":16,"column":13}},{"start":{"line":16,"column":17},"end":{"line":16,"column":26}}],"line":16},"3":{"loc":{"start":{"line":21,"column":4},"end":{"line":25,"column":5}},"type":"if","locations":[{"start":{"line":21,"column":4},"end":{"line":25,"column":5}},{"start":{"line":23,"column":11},"end":{"line":25,"column":5}}],"line":21},"4":{"loc":{"start":{"line":41,"column":4},"end":{"line":43,"column":5}},"type":"if","locations":[{"start":{"line":41,"column":4},"end":{"line":43,"column":5}},{"start":{},"end":{}}],"line":41},"5":{"loc":{"start":{"line":44,"column":4},"end":{"line":48,"column":5}},"type":"if","locations":[{"start":{"line":44,"column":4},"end":{"line":48,"column":5}},{"start":{"line":46,"column":11},"end":{"line":48,"column":5}}],"line":44}},"s":{"0":25,"1":25,"2":23,"3":2,"4":21,"5":5,"6":21,"7":1,"8":20,"9":4,"10":4,"11":4,"12":3,"13":4,"14":1,"15":3,"16":2,"17":1,"18":5,"19":6,"20":6,"21":3,"22":3,"23":3,"24":2,"25":2,"26":6,"27":1,"28":1,"29":1},"f":{"0":25,"1":23,"2":5,"3":4,"4":4,"5":4,"6":3,"7":5,"8":6,"9":6,"10":3,"11":2,"12":2,"13":6,"14":1},"b":{"0":[7],"1":[2,21],"2":[23,22],"3":[1,20],"4":[1,3],"5":[2,1]},"_coverageSchema":"1a1c01bbd47fc00a2c39e90264f33305004495a9","hash":"e4243634159311c197c53d6d6a7c4d970bae29ce"}
}
