TN:
SF:cart.js
FN:6,(anonymous_0)
FN:15,(anonymous_1)
FN:20,(anonymous_2)
FN:31,(anonymous_3)
FN:32,(anonymous_4)
FN:39,(anonymous_5)
FN:40,(anonymous_6)
FN:55,(anonymous_7)
FN:63,(anonymous_8)
FN:64,(anonymous_9)
FN:72,(anonymous_10)
FN:81,(anonymous_11)
FN:89,(anonymous_12)
FN:96,(anonymous_13)
FN:103,(anonymous_14)
FNF:15
FNH:15
FNDA:25,(anonymous_0)
FNDA:23,(anonymous_1)
FNDA:5,(anonymous_2)
FNDA:4,(anonymous_3)
FNDA:4,(anonymous_4)
FNDA:4,(anonymous_5)
FNDA:3,(anonymous_6)
FNDA:5,(anonymous_7)
FNDA:6,(anonymous_8)
FNDA:6,(anonymous_9)
FNDA:3,(anonymous_10)
FNDA:2,(anonymous_11)
FNDA:2,(anonymous_12)
FNDA:6,(anonymous_13)
FNDA:1,(anonymous_14)
DA:7,25
DA:8,25
DA:16,23
DA:17,2
DA:20,21
DA:21,21
DA:22,1
DA:24,20
DA:32,4
DA:40,4
DA:41,4
DA:42,1
DA:44,3
DA:45,2
DA:47,1
DA:56,5
DA:64,6
DA:65,6
DA:73,3
DA:74,3
DA:75,3
DA:82,2
DA:90,2
DA:97,6
DA:104,1
DA:105,1
DA:109,1
LF:27
LH:27
BRDA:15,0,0,7
BRDA:16,1,0,2
BRDA:16,1,1,21
BRDA:16,2,0,23
BRDA:16,2,1,22
BRDA:21,3,0,1
BRDA:21,3,1,20
BRDA:41,4,0,1
BRDA:41,4,1,3
BRDA:44,5,0,2
BRDA:44,5,1,1
BRF:11
BRH:11
end_of_record
